<?xml version="1.0" encoding="UTF-8"?>
<robot generator="Robot 3.2.1 (Python 3.7.3 on win32)" generated="20200622 01:12:47.555" rpa="false">
<suite id="s1" name="TC006" source="C:\Users\HP\PycharmProjects\Automation\TestCases\TC006.robot">
<test id="s1-t1" name="Recorded Script">
<kw name="Read Number of Rows" library="User_Keywords_data_driven">
<arguments>
<arg>Sheet1</arg>
</arguments>
<assign>
<var>${maxr}</var>
</assign>
<kw name="Fetch Number Of Rows" library="Read_Excel">
<arguments>
<arg>${sheet_name}</arg>
</arguments>
<assign>
<var>${maxr}</var>
</assign>
<msg timestamp="20200622 01:12:50.984" level="INFO">${maxr} = 4</msg>
<status status="PASS" starttime="20200622 01:12:50.984" endtime="20200622 01:12:50.984"></status>
</kw>
<msg timestamp="20200622 01:12:50.984" level="INFO">${maxr} = 4</msg>
<status status="PASS" starttime="20200622 01:12:50.984" endtime="20200622 01:12:50.984"></status>
</kw>
<kw name="${i} IN RANGE [ 2 | ${maxr}+1 ]" type="for">
<kw name="${i} = 2" type="foritem">
<kw name="Read cell data" library="User_Keywords_data_driven">
<arguments>
<arg>Sheet1</arg>
<arg>${i}</arg>
<arg>1</arg>
</arguments>
<assign>
<var>${username}</var>
</assign>
<kw name="Fetch Cell Data" library="Read_Excel">
<arguments>
<arg>${sheet_name}</arg>
<arg>${rows}</arg>
<arg>${cell}</arg>
</arguments>
<assign>
<var>${data}</var>
</assign>
<msg timestamp="20200622 01:12:50.994" level="INFO">${data} = swapnil</msg>
<status status="PASS" starttime="20200622 01:12:50.994" endtime="20200622 01:12:50.994"></status>
</kw>
<msg timestamp="20200622 01:12:50.994" level="INFO">${username} = swapnil</msg>
<status status="PASS" starttime="20200622 01:12:50.994" endtime="20200622 01:12:50.994"></status>
</kw>
<kw name="Read cell data" library="User_Keywords_data_driven">
<arguments>
<arg>Sheet1</arg>
<arg>${i}</arg>
<arg>2</arg>
</arguments>
<assign>
<var>${email}</var>
</assign>
<kw name="Fetch Cell Data" library="Read_Excel">
<arguments>
<arg>${sheet_name}</arg>
<arg>${rows}</arg>
<arg>${cell}</arg>
</arguments>
<assign>
<var>${data}</var>
</assign>
<msg timestamp="20200622 01:12:50.994" level="INFO">${data} = swapnil@bbc.com</msg>
<status status="PASS" starttime="20200622 01:12:50.994" endtime="20200622 01:12:50.994"></status>
</kw>
<msg timestamp="20200622 01:12:50.994" level="INFO">${email} = swapnil@bbc.com</msg>
<status status="PASS" starttime="20200622 01:12:50.994" endtime="20200622 01:12:50.994"></status>
</kw>
<kw name="Read cell data" library="User_Keywords_data_driven">
<arguments>
<arg>Sheet1</arg>
<arg>${i}</arg>
<arg>3</arg>
</arguments>
<assign>
<var>${password}</var>
</assign>
<kw name="Fetch Cell Data" library="Read_Excel">
<arguments>
<arg>${sheet_name}</arg>
<arg>${rows}</arg>
<arg>${cell}</arg>
</arguments>
<assign>
<var>${data}</var>
</assign>
<msg timestamp="20200622 01:12:50.994" level="INFO">${data} = 12345</msg>
<status status="PASS" starttime="20200622 01:12:50.994" endtime="20200622 01:12:50.994"></status>
</kw>
<msg timestamp="20200622 01:12:50.994" level="INFO">${password} = 12345</msg>
<status status="PASS" starttime="20200622 01:12:50.994" endtime="20200622 01:12:50.994"></status>
</kw>
<kw name="Open Browser and Maximise" library="User_Keywords_data_driven">
<kw name="Open Browser" library="SeleniumLibrary">
<doc>Opens a new browser instance to the optional ``url``.</doc>
<arguments>
<arg>${URL}</arg>
<arg>${Browser}</arg>
</arguments>
<msg timestamp="20200622 01:12:50.994" level="INFO">Opening browser 'Chrome' to base url 'https://www.thetestingworld.com/testings'.</msg>
<status status="PASS" starttime="20200622 01:12:50.994" endtime="20200622 01:13:08.347"></status>
</kw>
<kw name="Maximize Browser Window" library="SeleniumLibrary">
<doc>Maximizes current browser window.</doc>
<status status="PASS" starttime="20200622 01:13:08.347" endtime="20200622 01:13:09.503"></status>
</kw>
<status status="PASS" starttime="20200622 01:12:50.994" endtime="20200622 01:13:09.503"></status>
</kw>
<kw name="Input Text" library="SeleniumLibrary">
<doc>Types the given ``text`` into the text field identified by ``locator``.</doc>
<arguments>
<arg>//input[@name="fld_username"]</arg>
<arg>${username}</arg>
</arguments>
<msg timestamp="20200622 01:13:09.503" level="INFO">Typing text 'swapnil' into text field '//input[@name="fld_username"]'.</msg>
<status status="PASS" starttime="20200622 01:13:09.503" endtime="20200622 01:13:09.827"></status>
</kw>
<kw name="Input Text" library="SeleniumLibrary">
<doc>Types the given ``text`` into the text field identified by ``locator``.</doc>
<arguments>
<arg>//input[@name="fld_email"]</arg>
<arg>${email}</arg>
</arguments>
<msg timestamp="20200622 01:13:09.828" level="INFO">Typing text 'swapnil@bbc.com' into text field '//input[@name="fld_email"]'.</msg>
<status status="PASS" starttime="20200622 01:13:09.827" endtime="20200622 01:13:10.133"></status>
</kw>
<kw name="Input Text" library="SeleniumLibrary">
<doc>Types the given ``text`` into the text field identified by ``locator``.</doc>
<arguments>
<arg>//input[@name="fld_password"]</arg>
<arg>${password}</arg>
</arguments>
<msg timestamp="20200622 01:13:10.135" level="INFO">Typing text '12345' into text field '//input[@name="fld_password"]'.</msg>
<status status="PASS" starttime="20200622 01:13:10.134" endtime="20200622 01:13:10.330"></status>
</kw>
<kw name="Sleep" library="BuiltIn">
<doc>Pauses the test executed for the given time.</doc>
<arguments>
<arg>2</arg>
<arg>seconds</arg>
</arguments>
<msg timestamp="20200622 01:13:12.333" level="INFO">Slept 2 seconds</msg>
<msg timestamp="20200622 01:13:12.333" level="INFO">seconds</msg>
<status status="PASS" starttime="20200622 01:13:10.330" endtime="20200622 01:13:12.333"></status>
</kw>
<kw name="Close Browser Final" library="User_Keywords_data_driven">
<kw name="Close Browser" library="SeleniumLibrary">
<doc>Closes the current browser.</doc>
<status status="PASS" starttime="20200622 01:13:12.333" endtime="20200622 01:13:14.716"></status>
</kw>
<status status="PASS" starttime="20200622 01:13:12.333" endtime="20200622 01:13:14.716"></status>
</kw>
<status status="PASS" starttime="20200622 01:12:50.994" endtime="20200622 01:13:14.716"></status>
</kw>
<kw name="${i} = 3" type="foritem">
<kw name="Read cell data" library="User_Keywords_data_driven">
<arguments>
<arg>Sheet1</arg>
<arg>${i}</arg>
<arg>1</arg>
</arguments>
<assign>
<var>${username}</var>
</assign>
<kw name="Fetch Cell Data" library="Read_Excel">
<arguments>
<arg>${sheet_name}</arg>
<arg>${rows}</arg>
<arg>${cell}</arg>
</arguments>
<assign>
<var>${data}</var>
</assign>
<msg timestamp="20200622 01:13:14.721" level="INFO">${data} = Manu</msg>
<status status="PASS" starttime="20200622 01:13:14.716" endtime="20200622 01:13:14.721"></status>
</kw>
<msg timestamp="20200622 01:13:14.721" level="INFO">${username} = Manu</msg>
<status status="PASS" starttime="20200622 01:13:14.716" endtime="20200622 01:13:14.721"></status>
</kw>
<kw name="Read cell data" library="User_Keywords_data_driven">
<arguments>
<arg>Sheet1</arg>
<arg>${i}</arg>
<arg>2</arg>
</arguments>
<assign>
<var>${email}</var>
</assign>
<kw name="Fetch Cell Data" library="Read_Excel">
<arguments>
<arg>${sheet_name}</arg>
<arg>${rows}</arg>
<arg>${cell}</arg>
</arguments>
<assign>
<var>${data}</var>
</assign>
<msg timestamp="20200622 01:13:14.721" level="INFO">${data} = monali@bbc.com</msg>
<status status="PASS" starttime="20200622 01:13:14.721" endtime="20200622 01:13:14.721"></status>
</kw>
<msg timestamp="20200622 01:13:14.721" level="INFO">${email} = monali@bbc.com</msg>
<status status="PASS" starttime="20200622 01:13:14.721" endtime="20200622 01:13:14.721"></status>
</kw>
<kw name="Read cell data" library="User_Keywords_data_driven">
<arguments>
<arg>Sheet1</arg>
<arg>${i}</arg>
<arg>3</arg>
</arguments>
<assign>
<var>${password}</var>
</assign>
<kw name="Fetch Cell Data" library="Read_Excel">
<arguments>
<arg>${sheet_name}</arg>
<arg>${rows}</arg>
<arg>${cell}</arg>
</arguments>
<assign>
<var>${data}</var>
</assign>
<msg timestamp="20200622 01:13:14.721" level="INFO">${data} = 12345</msg>
<status status="PASS" starttime="20200622 01:13:14.721" endtime="20200622 01:13:14.721"></status>
</kw>
<msg timestamp="20200622 01:13:14.721" level="INFO">${password} = 12345</msg>
<status status="PASS" starttime="20200622 01:13:14.721" endtime="20200622 01:13:14.721"></status>
</kw>
<kw name="Open Browser and Maximise" library="User_Keywords_data_driven">
<kw name="Open Browser" library="SeleniumLibrary">
<doc>Opens a new browser instance to the optional ``url``.</doc>
<arguments>
<arg>${URL}</arg>
<arg>${Browser}</arg>
</arguments>
<msg timestamp="20200622 01:13:14.721" level="INFO">Opening browser 'Chrome' to base url 'https://www.thetestingworld.com/testings'.</msg>
<status status="PASS" starttime="20200622 01:13:14.721" endtime="20200622 01:13:20.442"></status>
</kw>
<kw name="Maximize Browser Window" library="SeleniumLibrary">
<doc>Maximizes current browser window.</doc>
<status status="PASS" starttime="20200622 01:13:20.442" endtime="20200622 01:13:21.602"></status>
</kw>
<status status="PASS" starttime="20200622 01:13:14.721" endtime="20200622 01:13:21.602"></status>
</kw>
<kw name="Input Text" library="SeleniumLibrary">
<doc>Types the given ``text`` into the text field identified by ``locator``.</doc>
<arguments>
<arg>//input[@name="fld_username"]</arg>
<arg>${username}</arg>
</arguments>
<msg timestamp="20200622 01:13:21.603" level="INFO">Typing text 'Manu' into text field '//input[@name="fld_username"]'.</msg>
<status status="PASS" starttime="20200622 01:13:21.603" endtime="20200622 01:13:21.798"></status>
</kw>
<kw name="Input Text" library="SeleniumLibrary">
<doc>Types the given ``text`` into the text field identified by ``locator``.</doc>
<arguments>
<arg>//input[@name="fld_email"]</arg>
<arg>${email}</arg>
</arguments>
<msg timestamp="20200622 01:13:21.799" level="INFO">Typing text 'monali@bbc.com' into text field '//input[@name="fld_email"]'.</msg>
<status status="PASS" starttime="20200622 01:13:21.798" endtime="20200622 01:13:22.034"></status>
</kw>
<kw name="Input Text" library="SeleniumLibrary">
<doc>Types the given ``text`` into the text field identified by ``locator``.</doc>
<arguments>
<arg>//input[@name="fld_password"]</arg>
<arg>${password}</arg>
</arguments>
<msg timestamp="20200622 01:13:22.035" level="INFO">Typing text '12345' into text field '//input[@name="fld_password"]'.</msg>
<status status="PASS" starttime="20200622 01:13:22.034" endtime="20200622 01:13:22.208"></status>
</kw>
<kw name="Sleep" library="BuiltIn">
<doc>Pauses the test executed for the given time.</doc>
<arguments>
<arg>2</arg>
<arg>seconds</arg>
</arguments>
<msg timestamp="20200622 01:13:24.214" level="INFO">Slept 2 seconds</msg>
<msg timestamp="20200622 01:13:24.214" level="INFO">seconds</msg>
<status status="PASS" starttime="20200622 01:13:22.209" endtime="20200622 01:13:24.214"></status>
</kw>
<kw name="Close Browser Final" library="User_Keywords_data_driven">
<kw name="Close Browser" library="SeleniumLibrary">
<doc>Closes the current browser.</doc>
<status status="PASS" starttime="20200622 01:13:24.214" endtime="20200622 01:13:28.418"></status>
</kw>
<status status="PASS" starttime="20200622 01:13:24.214" endtime="20200622 01:13:28.418"></status>
</kw>
<status status="PASS" starttime="20200622 01:13:14.716" endtime="20200622 01:13:28.418"></status>
</kw>
<kw name="${i} = 4" type="foritem">
<kw name="Read cell data" library="User_Keywords_data_driven">
<arguments>
<arg>Sheet1</arg>
<arg>${i}</arg>
<arg>1</arg>
</arguments>
<assign>
<var>${username}</var>
</assign>
<kw name="Fetch Cell Data" library="Read_Excel">
<arguments>
<arg>${sheet_name}</arg>
<arg>${rows}</arg>
<arg>${cell}</arg>
</arguments>
<assign>
<var>${data}</var>
</assign>
<msg timestamp="20200622 01:13:28.422" level="INFO">${data} = Rushank</msg>
<status status="PASS" starttime="20200622 01:13:28.421" endtime="20200622 01:13:28.422"></status>
</kw>
<msg timestamp="20200622 01:13:28.423" level="INFO">${username} = Rushank</msg>
<status status="PASS" starttime="20200622 01:13:28.419" endtime="20200622 01:13:28.423"></status>
</kw>
<kw name="Read cell data" library="User_Keywords_data_driven">
<arguments>
<arg>Sheet1</arg>
<arg>${i}</arg>
<arg>2</arg>
</arguments>
<assign>
<var>${email}</var>
</assign>
<kw name="Fetch Cell Data" library="Read_Excel">
<arguments>
<arg>${sheet_name}</arg>
<arg>${rows}</arg>
<arg>${cell}</arg>
</arguments>
<assign>
<var>${data}</var>
</assign>
<msg timestamp="20200622 01:13:28.426" level="INFO">${data} = rushank@bbc.com</msg>
<status status="PASS" starttime="20200622 01:13:28.425" endtime="20200622 01:13:28.426"></status>
</kw>
<msg timestamp="20200622 01:13:28.427" level="INFO">${email} = rushank@bbc.com</msg>
<status status="PASS" starttime="20200622 01:13:28.423" endtime="20200622 01:13:28.427"></status>
</kw>
<kw name="Read cell data" library="User_Keywords_data_driven">
<arguments>
<arg>Sheet1</arg>
<arg>${i}</arg>
<arg>3</arg>
</arguments>
<assign>
<var>${password}</var>
</assign>
<kw name="Fetch Cell Data" library="Read_Excel">
<arguments>
<arg>${sheet_name}</arg>
<arg>${rows}</arg>
<arg>${cell}</arg>
</arguments>
<assign>
<var>${data}</var>
</assign>
<msg timestamp="20200622 01:13:28.430" level="INFO">${data} = 123456</msg>
<status status="PASS" starttime="20200622 01:13:28.429" endtime="20200622 01:13:28.430"></status>
</kw>
<msg timestamp="20200622 01:13:28.431" level="INFO">${password} = 123456</msg>
<status status="PASS" starttime="20200622 01:13:28.427" endtime="20200622 01:13:28.431"></status>
</kw>
<kw name="Open Browser and Maximise" library="User_Keywords_data_driven">
<kw name="Open Browser" library="SeleniumLibrary">
<doc>Opens a new browser instance to the optional ``url``.</doc>
<arguments>
<arg>${URL}</arg>
<arg>${Browser}</arg>
</arguments>
<msg timestamp="20200622 01:13:28.434" level="INFO">Opening browser 'Chrome' to base url 'https://www.thetestingworld.com/testings'.</msg>
<status status="PASS" starttime="20200622 01:13:28.432" endtime="20200622 01:13:35.515"></status>
</kw>
<kw name="Maximize Browser Window" library="SeleniumLibrary">
<doc>Maximizes current browser window.</doc>
<status status="PASS" starttime="20200622 01:13:35.515" endtime="20200622 01:13:36.664"></status>
</kw>
<status status="PASS" starttime="20200622 01:13:28.431" endtime="20200622 01:13:36.664"></status>
</kw>
<kw name="Input Text" library="SeleniumLibrary">
<doc>Types the given ``text`` into the text field identified by ``locator``.</doc>
<arguments>
<arg>//input[@name="fld_username"]</arg>
<arg>${username}</arg>
</arguments>
<msg timestamp="20200622 01:13:36.664" level="INFO">Typing text 'Rushank' into text field '//input[@name="fld_username"]'.</msg>
<status status="PASS" starttime="20200622 01:13:36.664" endtime="20200622 01:13:36.892"></status>
</kw>
<kw name="Input Text" library="SeleniumLibrary">
<doc>Types the given ``text`` into the text field identified by ``locator``.</doc>
<arguments>
<arg>//input[@name="fld_email"]</arg>
<arg>${email}</arg>
</arguments>
<msg timestamp="20200622 01:13:36.893" level="INFO">Typing text 'rushank@bbc.com' into text field '//input[@name="fld_email"]'.</msg>
<status status="PASS" starttime="20200622 01:13:36.892" endtime="20200622 01:13:37.154"></status>
</kw>
<kw name="Input Text" library="SeleniumLibrary">
<doc>Types the given ``text`` into the text field identified by ``locator``.</doc>
<arguments>
<arg>//input[@name="fld_password"]</arg>
<arg>${password}</arg>
</arguments>
<msg timestamp="20200622 01:13:37.155" level="INFO">Typing text '123456' into text field '//input[@name="fld_password"]'.</msg>
<status status="PASS" starttime="20200622 01:13:37.155" endtime="20200622 01:13:37.338"></status>
</kw>
<kw name="Sleep" library="BuiltIn">
<doc>Pauses the test executed for the given time.</doc>
<arguments>
<arg>2</arg>
<arg>seconds</arg>
</arguments>
<msg timestamp="20200622 01:13:39.339" level="INFO">Slept 2 seconds</msg>
<msg timestamp="20200622 01:13:39.339" level="INFO">seconds</msg>
<status status="PASS" starttime="20200622 01:13:37.339" endtime="20200622 01:13:39.339"></status>
</kw>
<kw name="Close Browser Final" library="User_Keywords_data_driven">
<kw name="Close Browser" library="SeleniumLibrary">
<doc>Closes the current browser.</doc>
<status status="PASS" starttime="20200622 01:13:39.339" endtime="20200622 01:13:42.341"></status>
</kw>
<status status="PASS" starttime="20200622 01:13:39.339" endtime="20200622 01:13:42.341"></status>
</kw>
<status status="PASS" starttime="20200622 01:13:28.419" endtime="20200622 01:13:42.341"></status>
</kw>
<status status="PASS" starttime="20200622 01:12:50.984" endtime="20200622 01:13:42.341"></status>
</kw>
<status status="PASS" starttime="20200622 01:12:50.984" endtime="20200622 01:13:42.341" critical="yes"></status>
</test>
<status status="PASS" starttime="20200622 01:12:47.560" endtime="20200622 01:13:42.341"></status>
</suite>
<statistics>
<total>
<stat pass="1" fail="0">Critical Tests</stat>
<stat pass="1" fail="0">All Tests</stat>
</total>
<tag>
</tag>
<suite>
<stat pass="1" fail="0" id="s1" name="TC006">TC006</stat>
</suite>
</statistics>
<errors>
</errors>
</robot>
